500
0 7420 1865 18 124 8711 6202 2020 3082 8463 854
1 1692 677 8026 853 9967 490
3 3249 1204 9302 1316 261 7293 8700 1487 1050 7093 3794 4848 9628 1299
4 8460 1377 6315 3167 6231 5625 6937 4319 5959 3383 2791 9957
5 7887 4991 9627 7462 6574 4975 4475
6 8109 1151 8797 8881 3820
7 647 1950 8020 3911 1518 7066 8610 4498 6249 6073 9431
8 9839 4693 5969 5413 2538 5093 4218 708 2734
9 1786 2675 1407 7561 89 1317 9088 3438 8931 4827
10 3953 3724 9266
11 3396 668
12 3710 5002 4247 6431 2349 5620 6080 7006 5410 6105 1809
13 9885 7842 8600 21 3385 5728 4294 9859 9285 4157 3089 9 4137
14 4804 7560 7894 570 5950 4342 6087 82 5243 7809 4189 5548 8092 1573
15 3099 1511 2254 5291 1525 5428 9440 4265 4303 4486 8344
16 9668 5472 3908 8326 4938 9863 7960 9518 9817 4657
17 484 8161 5101 3954 7014 3720 5356 6912 8180 474 4577
18 194 4943 1107 7197 6187 636 4289 8545 8489 2725
19 1666 7125 3198 7747 5635 2756 7239 8011 4227
20 287 7909 2333 7828 4918 3792 3611 6113 5376 9056 2171
21 8842 9666 2956 839 8197 5876 724 5682 5616 6228
22 8983 9325 601 2748 1364 2492
23 4135 2534 7227 5020 6975 7983 1253 9973 9853 1513 5817
24 5421 7763 960 9222 9971 9194 1446 2752 2872 7847 1313 7815
25 2571 7103 1779 6554 924 9243 2431 7401 7500 3952
26 5167 5200 5514 8162 8921 6889 3591 9722 2969
27 2361 4761 4199 2183 1310 8431 2608 8626 2506 5108 2699 1403 7697 8027
28 5893 7853 9139 1452 5173 5046 9874 894 8884 2787 7987
29 535 850 8000 4130 8408 3108 726 3478 1989 9873 4592
30 9512 5865 9006 3574 5415 3572 4532 2347 5737
31 6392 6833 598 4631 141 1194 4840 3890 6606
32 954 5851 9148 5944 5048 2235 4381 4769 4695 1175
33 4391 3313 5628 1255 8411 2363 7273 1732 3955
34 5924
35 7221 2253 232 4418 6916 1279 8318
36 2381 7044 9422 8123 6091 2111 9455 4424
37 4533 6382 4666 1343 8410 7729 5126 4986 4064
38 7101 8255 1795 785 2200 9602 1812
39 8140 5544 8523 7349 7734 9074 7795 6522 4980 618 1334
40 8677 446 5361 9338 849 3948 9019 2232 2166 7663 5873 712
41 2230 4160 7531 6237 2336 3021 6213
42 9813 1867 3857 2700 6968 2759 4513 524 2483 3563 875 7730 7733
43 2345 2293 9079 9545 2651 9835 1661 829 4221 4614 8593 241 7311 8624
44 2499 6134 8393 5347 1273 4312 2587 2021 9585 5150 6710
45 2199 5701 2485 5343 2261 9152 467 2029 7923 4301 473
46 2835 2118 9702 6462 7716
47 2865 7769 2864 8500 4942 2648 9000 6427 335 9327 962
48 481 5139 7758 4715 643 3533 6550 8790 3097 6803 6010 3153
49 774 5244 9800 8758 5066 5213 7691 1579 236 5691 6264 7683
50 8935 5904 3372 4071 6648 9070 6450 8974 4536 6788 417 4020 4616
51 1673 9130 3695 1454 7099 2786 5694 9752 8864 2558
52 7640 289 1615 2626 1280 6866 38 7829 1541 2234 1583
53 3258 3577 308 3787 7114 8032 1284 2868
54 8798 5358 614 8021 5929 3536 4740 9237 3424 4343 5724 2954
55 8520 7940 1716 1241 2750 2418 22 7868 4633 5692 8867 1995
56 3270 7956 4299 6078 3814 770 9179 3698 146 5650 1651
57 33 6267 7841 8330 9981 976 3173 9172
58 7881 2556 5592 8132 37 3124 2857 8039 9738 5359 9294
59 3885 9300 3340 3614 4734 8878 7605 7803 7149 2187 4021
60 8448 8615 3441 4085 9464 2081 1198 7943 9797
61 1173 6026 4543 3874 1185 92 4720 8496 7652 7082 5385 4003
62 7993 2915 1757 218 8834 3094 8433 1902 6483 3223 9818
63 7643 8149 6989 383
64 36 1445 1390 9644 1813 1524 3494 5016 8664 609
65 1423 4858 5172 2703 8544 2080 3484 5683 3466 1936
66 8303 2548 9983 1788 1888 5704
67 2876 7475 3920 5782 9048 2593 1920 5075 9965 8653 5057
68 9592 9456 8145 5371 8596 2546 5933 7901 5984 1512 1154 7660 4260
69 9509 8216 8159 4835 2046 7389 9784 1798
70 694 9317 9134 9530 7618 1168 7945 3530 4743
71 2302 328 5839 296 3883 3733
72 1124 7572 9186
73 1684 4192 6608 8302 9554 9905 7550 7684 2721 1630
74 1559 5783 8246 6594 4129 3487 9572 5956 6420 4550 5322
75 2357 1149 6791 840 2978 1811 9727 7546 9980
76 3643 7518 2056 6781 9228 1951 3286 648 3817 2873 3074
77 1039 4414 1555 6700 5018 3776 4257 1982 7929 8951 4495 9137 6332
78 8343 8774 5541 5809 9656 6686 6102 4340 7559 7007 4922 6274 6 2951
79 2779 5801 4225 4505 6592 1866 6395 2645 7315 1447
80 1148 9026
81 5604 9275 5079 9882 4196 4397 3987 4967 5222 7150 3700
82 3648 3250 39 8349 4880 9659 3324 4146 8803 7031 7597 9692 622
83 1036 4131 4774 2869 4385 4053 5800 6860 2568 6808 9215 5979 1610 5289 6005 5505
84 5756 3653 9698 3977 6454 9902 4583 8968 2108 4917 3255 7673 2695 857
85 9401 8510
86 5560 5718 7701 3169 690 4590 4771 9745 7058 6547
87 5716 6291 6558 8014 78 1947 9714 2583 3078 5007 8400
88 319 765 3098 3352 1025 2018 2276 3692 3203 460 4898 5105 5796 6799
89 8419 382 1929 6329 3522 5353 161 1622 312
90 7295 4466 1497 4173
91 1978 6069 2560 4083 1363 84 5757 1711 8355 8045 699 8987 4855
92 8120 2637 7736 1007 2688 1128 3843 2153 3273 3666 8342
93 9700 8108 2714 9671 7491 3879 5792 9549 6551 1911 4707
94 3760 1152 5006 4782 3919 9651 7404 9321
95 3113 4122 8941 7502 2991 9726 8623 2292 5485
96 9384 4184 6836 2997 2605 4868 2797 3768 7690 3777 8887
97 2896 1483 1393 4216 70 4574 7893 4378 4060 298 3925 3264 571
98 2271 9014 3368 1385 7973 4843 9524 3325 4375 2926 4629 117 1896 8502
99 5967 5377 3997 4731 9719 2252 1371 4897 1239
100 8810 9068 9640 9880 6492 7849 8888 7466 3646 1721 404 1763 8357
101 5419 4159 6723 5146 2137 8734 6318 4763 5025 8151 4958
102 1914 6339 7213 3750 1539 9661 5808 5389 5476 3416 1899
103 317 4966 4047 8563
104 6245 3853 9109 3404 2479 5968 3780 1581 7265
105 6553 4195 9049 3293 8524 2647 7659 4248 6671 4978 8904
106 1222 5140 2210 3624 7387 4859 2620 1032 3863
107 8300 2784 7872 471 4847 632 5053 7532 7190
108 9157 2827 4866 7051 6494 8040 5816 7322 41 2586 2155
110 8055 8088 9009 3307 3318 9099 8351 8535
111 5870 2309 7750 6351 7722 7484 418 4496 8087 4959 8267 6590 2001
112 3601 8273 8559 7501 4491 877 6652 7714 4678 930 4669 9795
113 6158 5639 2988 2313 2093 4700 5730 4112 29 2407 3039 8583
114 9475 6217 8074 9392 4529 1968 9908 5888 6218 3449 6599 8582 367
115 9496 4309 3320 1638 9723 7807 6261 5158 9776 8838 200 3992 6637 7810 4092 221 7285
116 9645 6514 3151 4479 6398 1627
117 2986 1169 7891 9641 5626 5715 9823 27 8501 7601 7755 7434 8019 4571
118 2976 3566 8189 734 8075 1223 5591 5122 2482 8872 9852 4372
119 1912 119 5920 7936 5637 806 3962 9414 8956 5799 6137
120 8412 6269 7565 9686 9234 9395 3174 8765 9974 3821 1155
121 1992 2878 4869 2373
122 496 7819 6730 1778 1346 9220 7783 2564 3625 1441
123 7636 710 5246 7246 5061 1071 3580 3428 1138 7461
124 5911 8376 701 4416 4382 3033 1505 4821 2216 8375
125 9927 2073 9516 8506 3583 7160 1632 7511 2478 764 7445 5526 238
126 2135 8268 6583 5966 4992 915
127 9829 6542 6519 9344 3043 3684 7497 1244 6262 2692 3190 8243 6325 9896
128 4555 9511 6947 2011 6118 8683
129 7049 7657 6902 5510 5927 8540 3801 2024 6678 5450 691 9005
130 702 6607 5402 944 462 825 8163 948 1816 2747 9485 1246
131 9876 6900 5722
132 8113 3593 3671 5416 9691
133 3185 4099 2154 3940 3005 5739 3419 1267 4044
134 7440 6973 6335 5731 9274 2660 6341 8952
135 375 6020 7852 1019 293 8363 7746 6488 533 5077 9381 5764 3254 9314 8008
136 3589 4383 1187 879 5055 7022 2408 5309
137 9223 3274 4724 8865
138 9087 8590 4972 4540 7282 8451 4604 4306 3031 6286 4266 1739
139 8228 6111 3935 2985 8786 9063
140 7363 7609 6444 4809 6690 3041 3085
141 211 7910 219 4684 7184 120 7637 6182 9033 7641 4070 810 2911
142 3788 9587 1186 9721 789 7919 8839 8234 8620 2159 8808 6630
143 8107 4997 7016 7172 748 9439 2355 3421 7085 6987 7133 2943
144 237 8476
145 7348 6120 4390 7738 3676 1913 9865 4921 8418
146 873 8178 2031
147 9024 9480 8128 4428 7092 8314 4029 501
148 2967 5833 166 6985 2184 9438 1701 7382 2836 7883
149 9073 6354 9739 7877 5936 704 208 1350 7534 5958
150 9903 1475 950 9849 909 9887 5168 9423 5372 8047
151 2256 5059 5242 3807 4388 6793 9689 5417 1941 2204 7374 6582 5784
152 6100 4538 6334 3360 9503 2382 493 2933 7732 5365 797 7967 9416
153 9856 8415 2395 7482
154 2339 3579 5238 5534 1431 5768 8869 7598 5619 4281 9471 5459
155 3186 3011 9284 9011 392 3716 3539 4862 7545 8828 7949 9178
156 2880 2430 6854 4437 479 9958 4961 4772 8555
157 6746 2834 136 7048 6173 3342 7682 1180 6644 4941 3696 8548
158 4187 6473 808 1743 807 8984 4117 4792 1905
159 4673 498
160 1314 3216 1859 4876 2236 6906 6647
161 9065 7362 8065 7811 3596 87 9711 1211 8184
162 1366 2698 2535 5961 1521 6355 5038 1567 3901
163 8275 7551 6587 9227 20 6967 1533 9815 5174 4087 7130 1146 3723
164 9606 591 6199 1900 1504 4082 7002 6094 651 2706 6565
165 888 8110 6920 5943 3231 9655 670 4250 9844 5195 8969 8508 730
166 6509 5727 4888 3499 6814 7081 3462 1551 9529 5465
167 4370 3851 1335 4293 8967 6196 1391 4461 4229 3982 2828 6053 6669
169 8210 635 1777 5603 8818 5468 900 3637 2765 4377
170 7352 5567 1592 6641 4649 3991 2925 3118 4393 301 5119 9032
171 9507 1830 230 9718 348 4358 4556
172 8505 4801 1669 585 4101 9093 7599 5129 9365 3881 3395 3743 9657
173 6831 4395 8616 6278 3168 1030
174 1833 8336 7856 4489 2453 233
175 593 5753 1315 8788 2065 3426
176 5491 3319 435 389 804 274 5340 7154 8597
177 5294 3767 4222 4200 6023 7218 6729 6576 3071 3594 8920
178 5852 1006 6310 3400 179 7496 3006 5339 2008 547 742 4025 1303
179 1064 9970 1546 1286 3196 7316 1679 4326 9424 2367 9412 7463 8068 9758
180 8646 1881 488 6689 448 9084 9426 9316
181 3357 9308 1026 5350 2141 1870 689 4829
182 9712 8750 6611 9418 8495 4387 5209 198 775 8961 6572
183 4939 7253 6950 7038 8358 126
184 1009 8266 8324 4569 2327 8490 72 883 7446
185 5334 2908 9673 6039 1868 945 3111 4182 3473 6656 925 6106
186 4109 8901 7702 7594 817 2906 433 8809 8428 4435 199
187 8341 9389 5631 6075 638 9105 1844 3730 9123 7630
188 5391 5127 5071 494 8586 3141 8560 6745 7183 4298 5528 559
189 1304 7966 8557 3228
190 2116 5813 3032 4481 5051 7240 4749 2445 7745 6242 2627 1278 4270
191 7271 8896 6533 2732
192 8608 2041 7203 6633 1004 2842 6865 7413 7189 3842 1863 3782 546
193 1587 4701 7281 6322 6241 6640 1054 3864 5895 9994 3735 2346 8293 7725 4960 5437 5099
194 6672 217 6621 2365 6722 6545 7207 2414 9293 9960 8398 3301 9646 6399
195 7522 5765 6692 897 3142 3600 8779 7304 738 1031 3044
196 6289 5972 8630 3017 1135 9015 4329 4100 3178 6875
197 7824 1810 8434 7257 414 8658 9884 6983 4796 6884 3742
198 2821 9729 3559 7471 7261 8402 6292 8202 4334 5133
199 5253 1114 9195 4882 9159 7917 3202 369
200 4797 992 7723 4292 4330 1048 8641 3371 695 4403 7916
201 451 1608 6144 3143 8754 1765 1843 2283 9007 7179 9239 3565 8890 5458 2773
202 9391 2744 4273 1269 8613 5522 2264 5118 4907 2766 4493 718
203 752 6192 1556 6604
204 1325 8566 9539 1836 4231 6348 1877 2401 1376 1628 6707 2052 9633
205 4136 456 8090 4931 4661 6871 3314 2849 9041 7395 50 5493 4803 4760
206 1600 4444 8619 5610 5069 9291 820 9608 1153 7260 5854 6362 9544
207 8918 4499 195 6605 5247 5379 1746
208 3582 7377 3069 4413 8013 6002 5949 9568 3192
209 2658 1479 2026 5114 8422
210 5543 246 2285 6212 7144 5374 761 1741 7947 2907 9144 7706 6796 6499 4065 4717
211 1895 3330 2600 6938 4283 1188 9405 7222 7870 5847 8144 9279
212 2937 9115 7980 4028 9775 5352 193 421
213 2581
214 6194 1166 3451 4511 7648 9713 115 6058 6308
215 9802 2415 9871 8382 7201 9667 2240 8233 600 2306 3519 7525 3248
216 2162 2930 5755 7535 4323 3306 49 8578 2247 8889 6376
217 8519 24 9349 6056 1097 2054 4953 6978 9462 6389 5024 9842 5587 6254 1167
218 3144 9741 9892 1197 9707 4030 8713 7667 1751 5286 6830 7948 1217 4453 4647
219 7220 3440 5862 6919 8997 732 2777 7079 6767 2741 7558 5918 2123
220 8131 8928 2006 3349 9751 257 5578 1074 6029
221 410 5669 8362 7062 9833 906 8930 5008 8018 3726
222 876 8503 1887 5595 8628 5498
223 1252 4442 9369 7544 8988 1563 6752 3390 4944 3434 253 586 6926
224 4995 8094 7390 7258 8417 1496 5703 9370 3608 8740 9241 7581
225 3024 9639
226 7118 6974 94 8080 7708 3886 5111 5774 1522 6930 9483
227 3619 5670 4947 2318 323 3375 8858 3797 5480 7472
228 3654 7616 6022 6364 7305 8722 7858 6115 556 6609 8006 1966
229 6625 562 341 1498 2684 9021 6658 5191
230 1043 5065 4483 3657 8320 6185 118 8310 3459 2460 6034 9527 2537
231 4058 5780 1516 5563 4641 3552 2091 408 8170 2229 1506
232 8323 6107 7198 5492 3898 9246 2270 2858 6713 7367 5869 4359 805
233 3271 2197 8686 5026 633 1176 9421 1227 7615 3479 6653 4617 1639 7773 5412 719
234 2802 540 4837 7955 5996 1264 6033 6757 4598
235 9458 6566 5709 4658 4367 1616 2417 9040 9861 8693 9993 2640 26 9165 2818 5005
236 1040 4011 1851 4872 7995 6172 5677 5284 3968 2324 9174 1330 352 1238 205
237 7345
238 4983 1668 6386 8927 693 1943 7097 8784 6101 4875 4333 7704 9942 6230 7728 5275
239 8485 4436 6715 3380 7859 3595 5234 2444 1354 866 2780 1918 6883 5660
240 3242 2132 6209 6088 2310
241 8907 5788 5138 2623 7134 1101 2794 4400 6979
242 4401 1988 1532 2532 9756 6418 6449 9834 356 4426 6593 311
243 169 144 255 7931 5148 7469 6662 1967 7826 4817
244 6288 7914 6976 1012 9768 580 9472
245 6905 7756 8504 8580 5574 7628 1056 2314 7770 2356 4752
246 1208
247 7930 4032 8924 5834 8645 4118 3269 9357 8454 9748
248 4206 4357 792 7741 2282 1333 1414 416 3288 6555
249 2989 1585 3362 7430 973 4996 8518 2272 6037
250 8673 2298 3276 1689 6276 9699 9948 5264
251 6050 4667 9116 9435 8335 9303 4472 6248 6428 7278 9200 1086 8592 3058 6491 55 1752 7219 476
252 6837 8666 5500 2035 4566 6145 6506 8819 2551 6785 6699
253 9647 1933 8183 762 6481 2524 2059 890 1570 7196 8753
254 4748 2188 1442 4128 9382 7055 4057
255 7934 7012 159 1977 5011 1502 2576 2520 1236
256 9017 5009 291 5559
257 9531 8743 1268 6130 6552 2273 3219 9211 892 759 773 2601 2923 9878
258 1717 4755 5662 2594 7255 358 5089 9198 980 5897 9451 8949 5180 32 267
259 5584 1818 4670 612 8264 8687 8915 385 1118
260 297 3279 2513 113 6755 4579 6256 7965 6882 4741
261 4052 1910 8749 2221 5744 91 6008 3406 707
262 3690 8030 7411 300 5636 7033 9632 1384 4625 2405 8529 2730 7969 6908
263 6881 3939 2687 5861 224 3837 9481 4659 3757 313 3623 2515
264 2370 7151 6764 782 6849 3980
265 10 5318 7168 2495 8942 2378 1789 6765 7762 2387 2120 716 6216 3474 1796
266 5963 6312 5216 7181 2550 3715 639
267 5517 2488 9427 6822 4490 5288 4238 6591 7164 5980 2527
268 5049 5642 150 2134 6068 1634 4530 9136 5815 5615
269 5393 6941 610 3995 4870 9290 8575 608 1372 7603 5594 5429 3521
270 7005 8672 6171 2227 1656 4790 8654 9670
271 6435 245 6688 3298 7046 2512 1694 6051 2846 3075 1889
272 176 2663 2569 491 3312 5791 922 8252 1531 4024 4637 7961 2679
273 329 7671 377 4607 4119 3489 2860 3993 1602 2832 1807 3505 1702
274 6031 7753 1067 1308 4828 7275 9941 252 8556 4022 3694 898 1449
275 9125 231 6015 1077 8708 1547 9445 2494 6915 5104 2269
276 3786 1871 1468 8061 7409 9704 6132 7312 8584 893 8125 739 3841
277 6955 7480 1360 3736 7126 4353 6589 926 181 6773 7523 8855
278 6460 9120 9333 6548 4548 3633 9897 2364
279 4202 7954 5304 8903 191 5946 4105 946 2334 2048 6490
280 6898 795 865 5314 8681 1130 4537 8230 3272 9002 8037 8332 8235 4361 8709 5044
281 6406 7418 6275 4747 1117 178 2337 6643 9945 7465 588 1174 8350
282 1797 4683 6079 3793 5423 4088 4977 604 6534 2025
283 7397 6890 7330 2816 1142 1434 2092 4850 1214 6153
284 3316 9335 2690 2680 2097 6307 9618 6393 7294 7958 3641 6210
285 6502 8215 7577 7963 5397 9311 9812 9046 5434 2195 1990 4557 6744 183 8069
286 1878 172 8086 1821 9402 4034 5749 5771 2566 2191
287 7833 4901 729 1846 2055 6338 2616 9998 7088 4000 5369 7056 6754 9077
288 7111 4430 2820 3949 6266 5471 5849 1422 5230 3004 5439 7542 7309
289 3506 3090 3131 2539 6452 4563
290 9238 8955 6925 621 8873 9562 2168 2639 2650 8297 5170
291 7589 6453 5227 7100 3310 4371 7064 2375 2844
292 6189 8996 4635 1753 4056 4510 532 8186 4166 4197 1993
293 9256 3384 1165 2350 9038 9273 7792 3417 1411 4447 7027
294 4243 3749 6896 5032 5832 1744 426 5442
295 480 8064 822 4893 9715 4613 7485 8922 6063 3027 3645 6222
296 5490 6507 8307 8004 6284 2410 2582 1729 2079 430
297 5581 4912 4445 7449 275 783 684
298 502 1575 9976 6279 6127 1831 7230 5012 9678 8905 8136
299 1747 2837 2218 8041 6285 1435 2027 2553 5470 9098 2412 8157 6691 1397 5435
300 5868 6250 8035 6089 2980 1181 7627 1112 8814 5875 9408 1958 7988
301 6995 709 3603 5070 7593 3588 3545 3157 3721 7274 9597 4228
302 1691 4208 6104 3347 4150 1643 4854 6994 3515 3326 7234 8227
303 6074 9353 6413 9796 9814 331 7226 5674 5091 7679 6340
304 6040 3507 1290 3405 9075 8721 8802 3498 3045 2822 9919 2047 6805 6258 929
305 4081 581 9519 5649 156 294 4149 2778 6504 5316
306 7571 3560 828 3444 2002 8226 5913 3388 5736 5680 4423 1003 1345
307 338 2416 1625 7669 8247 5226 5179 919 3866 5894 1261 5818 5080 8571
308 5742 9735 517 9939 8768 1938 9521 2662 9334 1270 6064
309 3084 8383 2016 8789 4586 4562 3704 6500 7493 5831 8699 4799 3755
310 2140 5710 7979 1825 8221 4826 8720 9879 968 3394 1917
312 6703 4161 4073 63 2927 1500 5462
313 7180 7034 7242 7289 834 3344 9709 1760 1412 2881
314 5017 2691 2473 1092
315 263 7211 1969 3304 6045 6789 3681 1291 9728 457 6263 2071 3651 2737
316 5297 2781 6164 6732 7052 7626 1469 6043 3569 6200
317 2083 4001 8015 3528 4421 4842 8963 8874 8622 1001 2067 4389
318 4209 2757 8099 2711 3902 4054 8405 6709 692 4223 5790
319 1226 740 6949 3123 7341 8292 2003 3463 7912 2707 6471 340 2667 3064
320 1215 9506 95 3370 3897 258 4240 2205 7209 4708
321 5738 1206 5793 9538 7772 6784 5400 4174 6410 6011 3060 2394 7851 9181 1553
322 7109 6468 5562 7653 9708 7393 1332 5184 216 7689
323 5330 9912 354 6651 5100 4165 3182 7098 3468 4262 6819 912
324 2704 856 2739 1294 6577 965 1827 2237 7757
325 4379 4738 3686 3728 2910 7642 6425 7372 1543 1161 6962 4514 9517 7438
326 6635 6437 5664 9746 2801 3119 2185 31 1948 3818 4046 9217 3699 7997
327 5957 9681 9096 2058 961 5842 7431 9828 790 3773 3868 9050
328 1690 6207 5994 1365 8416 7970 6257 4567 573 5407 2909 582
329 6405 6489 8714 2130 7487 5375 8347 3534 6821 3880
330 9898 5097 7543 5287 3171 2924 5668 2226 9563 9706 714 1021 9933 3762
331 520 3981 6476 3329 9269 4857 9187 678 2644 3117 5062 776 4305 8143 2321 3056 4245 8883 3789
333 568 8772 1320 7403 9164 9634 1517 4042
334 9793 6067 8837 1256 9836 2074 974 4183 2275 6384 7665 2399 2379 6390 4079
335 1892 8632 9104 3650
336 1405 629 6575 7739 9126 6815 7326 2671 7202 3913 9650 2894
337 337 5014 6095 1715 7821 2717
338 9151 2353 6749 3950 9248 3922 511 8898 9932 3209 1229
339 9469 5438 9089 5386 8025 6562 8413 6375 3759
340 6009 3523 3628 2776 5770 5231
341 9133 7688 3215 4706 315 347 7302 8675 1302 9772 6342
342 7140 5858 3783 8378 2745 2656 5186 4360 9060 5265
343 3354 3486 2788 6931 4234 8317 1676 6373 5898 3252 3356 186 9920 4711
344 6929 6133 8258 5844 2625
345 2368 2530 8678 5235 4672 133 9278 6018 3542 2767 9822
346 7796 1654 7410 1963 7416 4988 5837 8187 2465 5714 4982 4007 9830
347 5425 15 9232 9010 2369 2388 7507 9931 1725 4506
348 8552 3217 3511 5922 8945 4476 8913 7333 5212 5346
349 4347 98 2295 461 697 2186 6251 6239 2070 3369 4653
350 6178 5324 4349
351 1063 1254 7721 6126 743 6327 268 957 983 8437 7454 6054 6986
352 3501 8487 6108 6948 320 7866 7425 4471 9376 4890 4033 6478
353 1319 130 3810 4181 3781 3974 102 9763 3425 7394 6121 1216 8352 2114
354 3433 4697 9740 8547 8449 9862 6244 8127 5163 5430 111 8263 1035 3020 184
355 6498 3584 9978
356 3261 3492 9204 9636 9161 6085 4508 1720 8863
357 256 3236 7975 3398 7358 8844 999 7337 4677 4474 8397 4904 4527
358 3100 330 3971
359 3809 8830 6895 9792 9537 9447
360 8280 3744 5536
361 9791 4373 2251 1463 6718 5 9504 1062 531
362 2975 6157 3412 1306 4313 3547 2152 2260 3889 2331 8561 6331 4778 5901
363 8446 6922 6885 9996 6631 9943 2613 1954 2673 3943 3321 374 8799 843 8427
364 8274 6618 500 5775
365 202 8948 8674 4913 7041 5605 5835 9173 3109 7777 7131 6527 4871 2817 5507
366 1527 3211 6971 9004 8164 8957 7090 4145 4887 8097 9703 4626
367 8598 2547 6296 4927 3125 9320 4365 8777 3155 4581 152
368 8486 4523 9904 3771 8296 1624 1526 8153 6477 3282 3208
369 4242 103 9156 2004 6092 4775 8541 7743 5806 9807 518
370 4660 5109 4017 516 6839 4713 5820 1879 9461 3059 6426 756
371 6090 6751 7327 9526 8746 5456 4757 8129 3453 2175
372 9497 8966 576 7303 9413 8564 1055 780 8188 2238
373 5290 9339 2942 812 5583 6493 6557 5621
374 8962
375 3308 6357 9555 3235 7321 3110 2859 6913 5144 7876 6203 6142 6170 5219 793
376 110 2286 5762 7986 8558 2214 4440 6097 9267 5512
377 1642 6909 9138 2359 2525 4910 7225 2921
378 6046 5481 9153 8482 2095 2348 3309 8038 8785 7460 6790 625
379 3804 1162 1860 4068 7590 1499 7794 2104 2655 7451
380 7625 9158
381 6465 8420 8253 3042 8305 5252 6505 7580 7435
382 6666 2503 667 3916 7533 6998 1953 229
383 2733 7359 4812 324 2966 2843 9588 4152 7039 9909
384 8644 3154 7903 52 659 9449 6475 9371 6072 4950
385 6891 8902 3001 6869 9022 309 9505 7978 4338 3752
386 5431 2287 3102 455 7459 2305 899 3188 9281 4295 7288 2423 6456 8102
387 9679 8823 8240 2595 508 1791 5204 8023 1927 9581 918
388 7996 3613 9078 8269 4473 288 8455 9961 9042 6070 3467 2109 7364
389 8727 6319 8372 2178 1044 7726
390 370 771 6874 3112 9029 1550 2959 8824 3177 3970
391 6956 1994 5627 4402 8642 6812 2829 9482 886
392 5327 6886 8327 3189
393 3333 8947 9541 2319 4718 5381 8538 8158 991 2596 6573 8056 7379
395 7447 2206 513 3047 4004 1495 3311 2957 9616 1150 7350 4954 6951 303 9310
396 7068 6887 3861 4824 7585 6711 4541 4851 5973 6270 7369 845 6944 3121
397 2366 6526 1347 6897 1129 7043 8604 4084 5448 4125 4314 8098 9498 5940 2480
398 9428 8946 2194 4204 985 2481 8312 3701
399 5063 2712 6753 5932 7808 7298 4168
400 4638 4063 4399 6893 1648 2145 4770 3290 8265 8386 7415 7937 5589 966
401 9929 8511 9185 7974 6997
402 5214 686 7013 2341 2696 3139 8016 2850 3028 7782 56 3729 3967
403 7047 1745 9596 3642 4272 9209 891 5794 2284 5237
404 371 2262 7231 7338 9167 8925 6367 1289 7170 7417 3037 1380 5655
405 1767 6260 6206 6804 6125 2255 3161 6371 8715
406 9520 8655 9377 3212 1728 5551 5047 2529
407 2796 8256 1370 6743 3022 6294 8899 5496 2438
408 7325 7148 2419 2096 7837 7578 9145
409 5892 459 6980 7061 736 2457 4833
410 4699 1645 2895 1588 272 5513 3709 4286 3053 442 8981 2043 8742
411 6215 2841 351
412 503 4794 5332 7380 2810
413 1119 7188 9283 8562 8659 3764 1404 4141 788 7070 9995 9484
414 1462 1379 3722 1605 1281 3140 5725
415 1438 4212 499 5453 485 8737 8870 8751 3251 2138 8470
416 6876 6448 5601 5745 8199 2761 8542 8585
417 6013 75 3827 2103 8477 3114 4324 3130 7195 595 8617 9552
418 5147 5276 2697 3682 8846 5414 4478
419 8521 8929 7279 7339 2702 9917 7319 6220 5962 9487
420 8543 7324 6119 867 7718 8944
421 9064 823 6610 5825 2981 9540 931 7336 2694 1293 4419 6151 3224 6049
422 7600 6704 952 8836 9411 6191 6936 6447 128 5623 5602 2562 4589
423 2086 8059 3335 766 2606 5511 5708 2705
424 1657 9069 4484 3531 3617 3605 4438 5999 5734
425 509 9988 5887 9710 3079 9547 1419 3490 3262 9146 3972
426 2826 1465 9390 8832 7429 1708 8279 9811 5506 6863 2325 3674 5706
427 6328 5078 1704 4239 9845 7800 5977 1771 5382 6960
428 8368 8771 1202 4597 9820 1742 8328 5121
429 5455 7921 4902 5187 3450 7437 158 3832 6981 2666 3184
430 3150 9328 6872 3418 7672 4041 3585 1102 504
431 8783 6650 8841 7999 137 2374
432 2139 1355 902 5658 96 799 6894 9085 9453 679 1276 9501 6048
433 7086 2599 138 4744 8591 6282 800 8982 5890 2946 4494 9566 1749 996
434 3387 2050 5095 9244 3894 5556 1975 5823 1240 5058 4449 5033 863 1081
435 2259 2807 8166 3969 3823 8426 1554 8800 5444 731 3000 8295
436 4351 4177 5821
437 2507 6530 4624 1928 8648 2426 2446 2509
438 4554 9459 4929 7241 6892 242 9460 7933 7608
439 744 3679 2462 4163 407 8465 7422 9119 8249 4090
440 6878 2970 5874 552 8181 8568 9589 4932 8533 5533 2088 4325
441 3476 3986 7854 4211 1120 1837 6933
442 6779 587 8073 1042 7884 42 4253 784 7112 7781
443 4595 9184 541 6214 3126 2885 837 1440 9135 3259 6303 3669 7159
444 8725 6136 5672 1671 1784 6369 9491 1591 9297 4970 1482
445 1296 1973 2239 7816 9218 327 424 4355
446 9067 6780 4077 7135 8636 6654 1503 5926 3164 9407 196 9393
447 8676 7566 3746 2082 4832 4952 2160 4180 8034 1297 9947 9036 5607
448 4606
449 6470 4805 1523 2598 683 5577 5199 6683 1089 7023 2743 7165 5363 3283
450 3292 4634 4844 1016 9442 8886 2631 2469 3893 2526
451 6783 9188 8871 4908 796 3652 3363 5271 2952 7685 4721
452 4558 8457 8943 3410 5547 62 1425 2916 9226 6800 512 7233
453 3691 3658 4069 5971 6717 4816 9528 469 2360 7620 1375 3516
454 9556 6455 7489
455 5955 6152 4410 6845 3891 4409 8893 226 2443 5341
456 3284 5681 5131 7614 8377 1196
457 510 4302 7250 3299 787 9208 7467 6147 1803 5396 3048 2281 862 5166
458 1983 3241 8923 1834 815 497 7785 7712 7720 5198
459 4102 981 8319 2501 3937 1189 5239 6180 3040 8277 663 649 8345 1140 935
460 9396 321 4075 3077 4049 4860 8370 937 1601 4814 9122 3508 8441 901 8373
461 3568 1766 6421 2542 5336 6642
462 6759 4427 6467 8661 3884
463 5192 2409 9263 1046 1685 4175 2474 3376 7174 2772 1683 286 2803 1396
464 7249 8334 7010 2452 7215 4176 7737 2467 8885 2461
465 7468 3427 1406 5432 9467 3481
466 3813 7059 1735 5282 2463 7583 4692 7346 4103 4249
467 1292 1426 6109 2502 3983 2764 5843 1466 4492 9103 2121 7519
468 396 3621 6627
469 9701 270 1649 848 1501 737 3812 4896 9008 2852 4040 3626 210
470 5947 7985 5713 7355 4005 8175 8340 7611 9499 3990 7574 2040
471 2893 6795 8177 2441 3315 6472 9590 1420 1318
472 9323 7727 6123 9997 47 8833 3630 4193 3411 1017 5663 8668 7786
473 5750 6211 8444 5527 9857 7376 9907
474 8908 4668 398 7610 9949 1014 5853 4696 8729 4518 6888
475 6076 5285 1538 3470 4127 851 1718 7251 1937 3007 2449 9307 6403 5335
476 9410 1143 4452 7784 1680 9212 5781 525 3068
477 1106 2167 4341 1207 7895 1430 9819 8031 6660 3081 1075 5552 2384 6560 720
478 2383 5464 4559 8337 7436 3257 4845 9242 458 5872 1829
479 6408 905 5879 3165 2628 7613 5571 5622 4006 5426
480 1266 8072 4955 6835 1127 8079 8083 2493
481 5586 7875 9083 2557 3870 8139 2824 4425 7057 6559 8718
482 5274 8288 514 9622 9272 1182 2508 2573 6429
483 590 8119 1472 5675 7011 437 3618 2057 5310 7456 7818
484 1590 5155 5473 5388 282 235 6055 470 3556 860
485 916 1045 342 2862 3994 4911 34 8960 7710 1780 3120
486 5824 8155 6163 1473 8880 125 6726 7003 2344 7760 6358 4307
487 2326 243 2126 652 2708 6071 4788 9039 9959 4036 8517 8192
488 8787 2189 706 665 3933 4522 2211 6383 4460 3627
489 818 1432 696 6433 5538 9619 5037 9770 5772
490 7632 8612 4352 7029 2115 155 5156 8298 2342 386 2268 5116 7941 4278 7026
491 9629 2290 8291 5041 8980 2856 4448 1603 8390 7834 135
492 2863 2451 6584 1814 2030 1210 5348 6223 7789 2552 2561 680 4035 7570 3923
494 4704 5349 3401 269 7827
495 8701 4923 7505
496 4611 1022 7128 7639 2982 903 6571 6146
497 3927 9557 9102 6114 9779 2248 7521 6629 3397
498 6786 8577 5785 9315 5092 1327 1212 9044 9322 411 8480
499 5651 2170 8325 1098 8138 7146 936 5255 5848 6066 4608 1560 2591
